Synchronisation started...
Requesting user posts from Twitter...
Found 6 posts, downloading user information...
Could not write avatar to /live/admin/media/user_photos. Please ensure it is writableSynchronisation started...
Requesting user posts from Twitter...
Found 6 posts, downloading user information...
Requesting @mentions from Twitter...
Found 1 @mentions, downloading user information...
Contacting Twitter Search for designated search phrases...
Fixing orphans...
Contacting Klout for 1 influencer score(s) (this may take a while)...
Requesting influencer scores and topics for Twitter id 1547973469
Synchronisation complete.
Synchronisation started...
Requesting posts from LinkedIn...
Found 37 posts, downloading user information...
Synchronisation complete.
Synchronisation started...
Requesting posts from LinkedIn...
Found 37 posts, downloading user information...
Synchronisation complete.
