Synchronisation started...
Requesting posts from Facebook...
The service 1x123298124365188 could not be found. Aborting...
Synchronisation complete.
Synchronisation started...
Requesting user posts from Twitter...
The service 2x27739207 could not be found. Aborting...
Requesting @mentions from Twitter...
The service 2x27739207 could not be found. Aborting...
Contacting Twitter Search for designated search phrases...
The service 2x27739207 could not be found. Aborting...
Synchronisation complete.
Synchronisation started...
Requesting posts from Facebook...
The service 1x149826871752731 could not be found. Aborting...
Synchronisation complete.
Synchronisation started...
Requesting user posts from Twitter...
Synchronisation started...
Requesting user posts from Twitter...
Found 6 posts, downloading user information...
Found 6 posts, downloading user information...
Could not write avatar to /live/admin/media/user_photos. Please ensure it is writableCould not write avatar to /live/admin/media/user_photos. Please ensure it is writableSynchronisation started...
Requesting posts from Facebook...
The service 1x123298124365188 could not be found. Aborting...
Synchronisation complete.
Synchronisation started...
Requesting user posts from Twitter...
The service 2x27739207 could not be found. Aborting...
Requesting @mentions from Twitter...
The service 2x27739207 could not be found. Aborting...
Contacting Twitter Search for designated search phrases...
The service 2x27739207 could not be found. Aborting...
Synchronisation complete.
Synchronisation started...
Requesting posts from Facebook...
The service 1x149826871752731 could not be found. Aborting...
Synchronisation complete.
Synchronisation started...
Requesting user posts from Twitter...
Synchronisation started...
Synchronisation started...
Requesting user posts from Twitter...
Requesting posts from LinkedIn...
Found 3 posts, downloading user information...
Requesting @mentions from Twitter...
Found 3 posts, downloading user information...
Requesting @mentions from Twitter...
Found 1 @mentions, downloading user information...
Contacting Twitter Search for designated search phrases...
No new scores to request.
Synchronisation complete.
Found 37 posts, downloading user information...
Found 1 @mentions, downloading user information...
Contacting Twitter Search for designated search phrases...
No new scores to request.
Synchronisation complete.
Synchronisation complete.
Synchronisation started...
Requesting posts from Facebook...
The service 1x123298124365188 could not be found. Aborting...
Synchronisation complete.
Synchronisation started...
Requesting user posts from Twitter...
The service 2x27739207 could not be found. Aborting...
Requesting @mentions from Twitter...
The service 2x27739207 could not be found. Aborting...
Contacting Twitter Search for designated search phrases...
The service 2x27739207 could not be found. Aborting...
Synchronisation complete.
Synchronisation started...
Requesting posts from Facebook...
The service 1x149826871752731 could not be found. Aborting...
Synchronisation complete.
Synchronisation started...
Requesting user posts from Twitter...
Synchronisation started...
Synchronisation started...
Requesting posts from LinkedIn...
Requesting user posts from Twitter...
Found 3 posts, downloading user information...
Requesting @mentions from Twitter...
Found 3 posts, downloading user information...
Requesting @mentions from Twitter...
Found 1 @mentions, downloading user information...
Contacting Twitter Search for designated search phrases...
No new scores to request.
Synchronisation complete.
Found 1 @mentions, downloading user information...
Contacting Twitter Search for designated search phrases...
No new scores to request.
Synchronisation complete.
Found 37 posts, downloading user information...
Synchronisation complete.
Synchronisation started...
Requesting posts from Facebook...
The service 1x123298124365188 could not be found. Aborting...
Synchronisation complete.
Synchronisation started...
Requesting user posts from Twitter...
The service 2x27739207 could not be found. Aborting...
Requesting @mentions from Twitter...
The service 2x27739207 could not be found. Aborting...
Contacting Twitter Search for designated search phrases...
The service 2x27739207 could not be found. Aborting...
Synchronisation complete.
Synchronisation started...
Requesting posts from Facebook...
The service 1x149826871752731 could not be found. Aborting...
Synchronisation complete.
Synchronisation started...
Synchronisation started...
Requesting user posts from Twitter...
Requesting user posts from Twitter...
Synchronisation started...
Requesting posts from LinkedIn...
Found 3 posts, downloading user information...
Requesting @mentions from Twitter...
Found 3 posts, downloading user information...
Requesting @mentions from Twitter...
Found 1 @mentions, downloading user information...
Contacting Twitter Search for designated search phrases...
No new scores to request.
Synchronisation complete.
Found 1 @mentions, downloading user information...
Contacting Twitter Search for designated search phrases...
No new scores to request.
Synchronisation complete.
Found 37 posts, downloading user information...
Synchronisation complete.
Synchronisation started...
Requesting posts from Facebook...
The service 1x123298124365188 could not be found. Aborting...
Synchronisation complete.
Synchronisation started...
Requesting user posts from Twitter...
The service 2x27739207 could not be found. Aborting...
Requesting @mentions from Twitter...
The service 2x27739207 could not be found. Aborting...
Contacting Twitter Search for designated search phrases...
The service 2x27739207 could not be found. Aborting...
Synchronisation complete.
Synchronisation started...
Requesting posts from Facebook...
The service 1x149826871752731 could not be found. Aborting...
Synchronisation complete.
Synchronisation started...
Synchronisation started...
Requesting user posts from Twitter...
Requesting user posts from Twitter...
Synchronisation started...
Requesting posts from LinkedIn...
Found 3 posts, downloading user information...
Found 3 posts, downloading user information...
Requesting @mentions from Twitter...
Requesting @mentions from Twitter...
Found 1 @mentions, downloading user information...
Found 1 @mentions, downloading user information...
Contacting Twitter Search for designated search phrases...
Contacting Twitter Search for designated search phrases...
No new scores to request.
Synchronisation complete.
No new scores to request.
Synchronisation complete.
Found 37 posts, downloading user information...
Synchronisation complete.
Synchronisation started...
Requesting posts from Facebook...
The service 1x123298124365188 could not be found. Aborting...
Synchronisation complete.
Synchronisation started...
Requesting user posts from Twitter...
The service 2x27739207 could not be found. Aborting...
Requesting @mentions from Twitter...
The service 2x27739207 could not be found. Aborting...
Contacting Twitter Search for designated search phrases...
The service 2x27739207 could not be found. Aborting...
Synchronisation complete.
Synchronisation started...
Requesting posts from Facebook...
The service 1x149826871752731 could not be found. Aborting...
Synchronisation complete.
Synchronisation started...
Requesting user posts from Twitter...
Synchronisation started...
Requesting user posts from Twitter...
Synchronisation started...
Requesting posts from LinkedIn...
Found 3 posts, downloading user information...
Requesting @mentions from Twitter...
Found 3 posts, downloading user information...
Requesting @mentions from Twitter...
Found 1 @mentions, downloading user information...
Contacting Twitter Search for designated search phrases...
No new scores to request.
Synchronisation complete.
Found 37 posts, downloading user information...
Found 1 @mentions, downloading user information...
Contacting Twitter Search for designated search phrases...
No new scores to request.
Synchronisation complete.
Synchronisation complete.
